<?xml version="1.0" encoding="UTF-8"?>
<testng-results skipped="0" failed="0" ignored="0" total="3" passed="3">
  <reporter-output>
  </reporter-output>
  <suite name="JerseyClientLiveTest" duration-ms="1739" started-at="2019-07-30T12:07:47Z" finished-at="2019-07-30T12:07:49Z">
    <groups>
    </groups>
    <test name="Command line test" duration-ms="1739" started-at="2019-07-30T12:07:47Z" finished-at="2019-07-30T12:07:49Z">
      <class name="JerseyClientLiveTest">
        <test-method status="PASS" signature="givenCorrectObject_whenCorrectJsonRequest_thenResponseCodeCreated()[pri:0, instance:JerseyClientLiveTest@3159c4b8]" name="givenCorrectObject_whenCorrectJsonRequest_thenResponseCodeCreated" duration-ms="1579" started-at="2019-07-30T08:07:47Z" finished-at="2019-07-30T08:07:49Z">
          <reporter-output>
          </reporter-output>
        </test-method> <!-- givenCorrectObject_whenCorrectJsonRequest_thenResponseCodeCreated -->
        <test-method status="PASS" signature="receiveCorrectResponseTest()[pri:0, instance:JerseyClientLiveTest@3159c4b8]" name="receiveCorrectResponseTest" duration-ms="83" started-at="2019-07-30T08:07:49Z" finished-at="2019-07-30T08:07:49Z">
          <reporter-output>
          </reporter-output>
        </test-method> <!-- receiveCorrectResponseTest -->
        <test-method status="PASS" signature="testMultiplePosts()[pri:0, instance:JerseyClientLiveTest@3159c4b8]" name="testMultiplePosts" duration-ms="59" started-at="2019-07-30T08:07:49Z" finished-at="2019-07-30T08:07:49Z">
          <reporter-output>
          </reporter-output>
        </test-method> <!-- testMultiplePosts -->
      </class> <!-- JerseyClientLiveTest -->
    </test> <!-- Command line test -->
  </suite> <!-- JerseyClientLiveTest -->
</testng-results>
