<?xml version="1.0" encoding="UTF-8"?>
<!-- Generated by org.testng.reporters.JUnitXMLReporter -->
<testsuite hostname="ubuntu-ThinkPad-T450s" ignored="0" tests="3" failures="0" timestamp="30 Jul 2019 12:07:49 GMT" time="1.739" errors="0">
  <testcase name="givenCorrectObject_whenCorrectJsonRequest_thenResponseCodeCreated" time="1.579" classname="JerseyClientLiveTest"/>
  <testcase name="receiveCorrectResponseTest" time="0.083" classname="JerseyClientLiveTest"/>
  <testcase name="testMultiplePosts" time="0.059" classname="JerseyClientLiveTest"/>
</testsuite>
