<?xml version="1.0" encoding="UTF-8"?>
<!-- Generated by org.testng.reporters.JUnitXMLReporter -->
<testsuite hostname="HHER-840G5" ignored="0" tests="3" failures="0" timestamp="06 Jun 2019 14:31:42 GMT" time="1.576" errors="0">
  <testcase name="givenCorrectObject_whenCorrectJsonRequest_thenResponseCodeCreated" time="1.458" classname="JerseyClientLiveTest"/>
  <testcase name="receiveCorrectResponseTest" time="0.062" classname="JerseyClientLiveTest"/>
  <testcase name="testMultiplePosts" time="0.041" classname="JerseyClientLiveTest"/>
</testsuite>
